<?xml version="1.0" encoding="UTF-8"?>
<!-- Generated by org.testng.reporters.JUnitReportReporter -->
<testsuite skipped="0" hostname="DESKTOP-4T8VHUO" name="com.inventory.test.InventoryTest" tests="1" failures="0" timestamp="2022-04-11T01:05:16 IST" time="44.943" errors="0">
  <testcase name="testRecharge" time="44.943" classname="com.inventory.test.InventoryTest"/>
  <system-out/>
</testsuite> <!-- com.inventory.test.InventoryTest -->
